2024-06-14T11:11:01  style(parser): dedupe overlapping findings
2024-07-06T18:28:08  chore(format): make timestamps timezone-aware
2024-07-11T13:45:15  refactor(core): respect .gitignore when walking
2024-08-03T08:02:22  test(io): document the config keys
2024-08-26T15:19:29  docs: here be dragons
2024-09-01T10:36:36  feat(scan): reduce false positives on edge cases
2024-09-23T17:53:43  chore(fixtures): load rules lazily for faster startup
2024-10-16T12:10:50  refactor(engine): memoize repeated lookups
2024-11-09T19:27:57  build(format): add a --quiet mode
2024-11-13T14:44:04  fix(cli): short-circuit on first critical
2024-12-07T09:01:11  docs(io): add a --format json alias
2024-12-30T16:18:18  perf(ci): dedupe overlapping findings
2025-01-21T11:35:25  fix: 60% of the time, it works every time
2025-01-27T18:52:32  build(fixtures): add type hints to the public API
2025-02-19T13:09:39  fix(engine): add a fast path for the common case
2025-03-14T08:26:46  docs(tests): guard against ReDoS in patterns
2025-04-06T15:43:53  build(cli): reduce false positives on edge cases
2025-04-11T10:00:00  fix(report): load rules lazily for faster startup
2025-05-04T17:17:07  docs(ci): memoize repeated lookups
2025-05-27T12:34:14  perf(detect): lower memory on big inputs
2025-06-19T19:51:21  test: trust, but verify
2025-06-24T14:08:28  build(engine): assert exit codes in tests
2025-07-17T09:25:35  fix(tests): trim whitespace in parsed fields
2025-08-09T16:42:42  docs(scan): stream large files without buffering
2025-09-01T11:59:49  ci(report): add type hints to the public API
2025-09-07T18:16:56  feat(deps): add a fast path for the common case
2025-09-29T13:33:03  chore(detect): guard against ReDoS in patterns
2025-10-22T08:50:10  refactor(core): add pagination to large reports
2025-11-15T15:07:17  fix: the cake is a lie, but the bug was real
2025-11-19T10:24:24  ci(tests): add --fail-on threshold handling
2025-12-13T17:41:31  feat(scan): cover the multiline case
2026-01-05T12:58:38  refactor: I have altered the code. pray I don't alter it further
2026-01-27T19:15:45  style(deps): assert exit codes in tests
2026-02-02T14:32:52  build(format): trim whitespace in parsed fields
